<?xml version="1.0" encoding="UTF-8"?>
<!-- Generated by org.testng.reporters.JUnitReportReporter -->
<testsuite hostname="LIN59016518" failures="0" tests="1" name="spicejet.Test.HomePageTest" time="7.278" errors="0" timestamp="2022-01-25T14:30:25 IST" skipped="0">
  <testcase classname="spicejet.Test.HomePageTest" name="createAccountTest" time="7.278"/>
  <system-out/>
</testsuite> <!-- spicejet.Test.HomePageTest -->
